MPASM 5.61              ALARMEDEFINITIVO.ASM   10-30-2018  21:26:48         PAGE  1


LOC  OBJECT CODE     LINE SOURCE TEXT
  VALUE

                      00001 ;===============================================================================
                      00002 ; Fatec Sorocaba
                      00003 ;
                      00004 ; Eletrônica Automotiva
                      00005 ; Seminario Microcontroladores
                      00006 ; Tema: Implementar um contador decrescente de 99 a 0 com intervalo de 100mS
                      00007 ;
                      00008 ; Grupo:
                      00009 ; André Sampaio
                      00010 ; Artur Alves
                      00011 ; Elizio Junior
                      00012 ; João Pedro
                      00013 ;
                      00014 ;
                      00015 ;
                      00016 ; Projeto: Template_20180903
                      00017 ; Arquivo: Seminario.asm
                      00018 ;
                      00019 ; PIC 16F877A
                      00020 ; Clock 4MHz
                      00021 ;
                      00022 ; demo IDE MPLABx v 2.15v - Assembly Linguagem
                      00023 ;
                      00024 ; Baseado no Hardware da PCI Placa Mini Didativa V 0.1
                      00025 ;
                      00026 ; Princípio de operação das rotinas : Timer via SW (300mS)
                      00027 ;                                     Timer HW (Timer 0)
                      00028 ;                                     Timer 0 com interrupção
                      00029 ;===============================================================================
                      00030 ;
                      00031 ; Detalhes do hardware: O latch 74LS573 passa o dado do PORTD para os Leds, o pino
                      00032 ;                       de controle do latch correspondente é controlado pelo pino
                      00033 ;                       RE2 (LED-LE) Que deve ser mantido em nivel 1.
                      00034 ;                       Os CD4511 acionam os display de 7seg que também esta
                      00035 ;                       pino de controle desses latchas: PORTE pino RE1.
                      00036 ;                       Deve ser mantido baixo para escrever nos display de LED.
                      00037 ;
                      00038 ; Display LCD : C3 = RS
                      00039 ;               C4 = E
                      00040 ;               Dados = PORTD ( sem latch)
                      00041 ;==========================PIC Escolhido========================================
                      00042 ;
                      00043 #include <P16F877A.inc>   ;Arquivo padrão MC p/ UCP PIC16F877A
                      00001         LIST
                      00002 
                      00003 ;==========================================================================
                      00004 ; Build date : Feb 13 2015
                      00005 ;  MPASM PIC16F877A processor include
                      00006 ; 
                      00007 ;  (c) Copyright 1999-2015 Microchip Technology, All rights reserved
                      00008 ;==========================================================================
                      00009 
                      00567         LIST
MPASM 5.61              ALARMEDEFINITIVO.ASM   10-30-2018  21:26:48         PAGE  2


LOC  OBJECT CODE     LINE SOURCE TEXT
  VALUE

                      00044 ;
                      00045 ;===============================================================================
2007   3FFA           00046  __CONFIG _HS_OSC & _WDT_OFF
                      00047 ;
                      00048 ;===============================================================================
                      00049 ;
                      00050 #DEFINE BANK0 BCF STATUS,RP0 ;seta bank 0 de memória
                      00051 #DEFINE BANK1 BSF STATUS,RP0 ;seta bank 1 de memória
                      00052 ;
                      00053         cblock 0X20                  ;end.incial mem.usuário
  00000020            00054                 cont
  00000021            00055                 cont0                ;contador 0
  00000022            00056                 cont1                ;contador 1
  00000023            00057                 cont2                ;contador 2
  00000024            00058                 cont3                ;contador 3
  00000025            00059                 flags                ;registrador de flags de uso geral
  00000026            00060                 aux1                 ;reg auxiliar 1
  00000027            00061                 aux2                 ;reg auxiliar 2
  00000028            00062                 leds                 ;leds de uso geral
  00000029            00063                 reg_gira             ;red auxiliar
  0000002A            00064                 salva_w              ;preserva reg w
  0000002B            00065                 salva_status         ;preserva status
  0000002C            00066                 nr_duzias            ;contador de nr de duzias produzidas
                      00067 
                      00068 
                      00069         endc                             ;fim do bloco de memória
                      00070 ;
                      00071 ;=========================Define entradas e saidas==============================
                      00072 ;
                      00073 #DEFINE LED_0       PORTD,3         ;led pisca
                      00074 #DEFINE LED_1       PORTD,4         ;led pisca
                      00075 #DEFINE LED_2       PORTD,5         ;led pisca
                      00076 #DEFINE LED_3       PORTD,6         ;led pisca
                      00077 ;
                      00078 ;===============================Vetor de Reset==================================
                      00079 ;
                      00080         ORG 0x00            ;end. incial de proc.
0000   2???           00081         goto            inicio
                      00082 ;
                      00083 ;====================================EEPROM=====================================
                      00084 ;
                      00085 ;não utilizada
                      00086 ;
                      00087 ;==============================Inicio da Interrupção============================
                      00088 ;
                      00089 ;  rotina de contagem de duzias via interrupção
                      00090 ;
                      00091         ORG 0x04             ;vetor de atendimento a interrupção
0004   0009           00092         retfie
                      00093 ;===============================================================================
                      00094 ;
                      00095 ;                               INICIALIZAÇÃO
                      00096 ;
MPASM 5.61              ALARMEDEFINITIVO.ASM   10-30-2018  21:26:48         PAGE  3


LOC  OBJECT CODE     LINE SOURCE TEXT
  VALUE

                      00097 ;===============================================================================
                      00098 ;
                      00099 ;inicialização dos REGs internos
                      00100 ;
Warning[207]: Found label after column 1. (inicio)
0005                  00101     inicio
0005   1683           00102             BANK1
0006   30FF           00103                   movlw b'11111111'     ;todas entradas
Message[302]: Register in operand not in bank 0.  Ensure that bank bits are correct.
0007   0085           00104                   movwf TRISA           ;PORT onde estão entradas analogicas
0008   301F           00105                   movlw b'00011111'
Message[302]: Register in operand not in bank 0.  Ensure that bank bits are correct.
0009   0086           00106                   movwf TRISB           ;PORT onde estão as chaves
000A   3000           00107                   movlw b'00000000'     ;1 = entrada, 0 = saida
Message[302]: Register in operand not in bank 0.  Ensure that bank bits are correct.
000B   0087           00108                   movwf TRISC
000C   3000           00109                   movlw b'00000000'     ;todas saidas(porta do LED)
Message[302]: Register in operand not in bank 0.  Ensure that bank bits are correct.
000D   0088           00110                   movwf TRISD
000E   3000           00111                   movlw b'00000000'     ;todas saidas(porta do stroube com PSP=1)
Message[302]: Register in operand not in bank 0.  Ensure that bank bits are correct.
000F   0089           00112                   movwf TRISE
0010   3007           00113                   movlw b'00000111'
Message[302]: Register in operand not in bank 0.  Ensure that bank bits are correct.
0011   0081           00114                   movwf OPTION_REG
0012   3000           00115                   movlw b'00000000'
0013   008B           00116                   movwf INTCON          ;todas interrupções desabilitadas
Message[302]: Register in operand not in bank 0.  Ensure that bank bits are correct.
0014   1209           00117                   bcf   TRISE,4         ;PORTD normal (não PSP)
                      00118 
                      00119 
                      00120 ;inicializa variaveis
0015   1283           00121             BANK0
0016   01A6           00122                   clrf aux1
0017   01A7           00123                   clrf aux2
                      00124 ;===============================================================================
                      00125 ;Programa
0018   300A           00126                  movlw .10
0019   0088           00127                  movwf PORTD
Warning[207]: Found label after column 1. (start)
001A   2???           00128         start    call tempo
001B   2???           00129                  call tempo
001C   2???           00130                  call tempo
001D   2???           00131                  call tempo
001E   2???           00132                  call tempo
001F   2???           00133                  call tempo
0020   2???           00134                  call tempo
0021   2???           00135                  call tempo
0022   2???           00136                  call tempo
0023   2???           00137                  call tempo
0024   2???           00138                  call tempo
0025   2???           00139                  call tempo
0026   2???           00140                  call tempo
MPASM 5.61              ALARMEDEFINITIVO.ASM   10-30-2018  21:26:48         PAGE  4


LOC  OBJECT CODE     LINE SOURCE TEXT
  VALUE

0027   2???           00141                  call tempo
0028   2???           00142                  call tempo
0029   2???           00143                  call tempo
002A   2???           00144                  call tempo
002B   2???           00145                  call tempo
002C   2???           00146                  call tempo
002D   2???           00147                  call tempo
002E   2???           00148                  call tempo
002F   2???           00149                  call tempo
0030   2???           00150                  call tempo
0031   2???           00151                  call tempo
0032   2???           00152                  call tempo
Message[305]: Using default destination of 1 (file).
0033   0388           00153                  decf PORTD
0034   2???           00154                  goto start
                      00155 ;===============================================================================
                      00156 ;Tempo
Warning[207]: Found label after column 1. (tempo)
0035   30FF           00157         tempo    movlw .255
0036   0081           00158                  movwf TMR0
0037   110B           00159                  bcf INTCON, TMR0IF    ;Limpa a flag do timer0
Warning[207]: Found label after column 1. (loop2)
0038   1D0B           00160         loop2    btfss INTCON, TMR0IF  ;testa a flag do timer0
0039   2???           00161                  goto loop2
003A   0008           00162                  return
                      00163 ;===============================================================================
Warning[205]: Found directive in column 1. (end)
3FFA                  00164 end
MPASM 5.61              ALARMEDEFINITIVO.ASM   10-30-2018  21:26:48         PAGE  5


SYMBOL TABLE
  LABEL                             VALUE 

ACKDT                             00000005
ACKEN                             00000004
ACKSTAT                           00000006
ADCON0                            0000001F
ADCON1                            0000009F
ADCS0                             00000006
ADCS1                             00000007
ADCS2                             00000006
ADDEN                             00000003
ADFM                              00000007
ADIE                              00000006
ADIF                              00000006
ADON                              00000000
ADRESH                            0000001E
ADRESL                            0000009E
BANK0                             BCF STATUS,RP0
BANK1                             BSF STATUS,RP0
BCLIE                             00000003
BCLIF                             00000003
BF                                00000000
BRGH                              00000002
C                                 00000000
C1INV                             00000004
C1OUT                             00000006
C2INV                             00000005
C2OUT                             00000007
CCP1CON                           00000017
CCP1IE                            00000002
CCP1IF                            00000002
CCP1M0                            00000000
CCP1M1                            00000001
CCP1M2                            00000002
CCP1M3                            00000003
CCP1X                             00000005
CCP1Y                             00000004
CCP2CON                           0000001D
CCP2IE                            00000000
CCP2IF                            00000000
CCP2M0                            00000000
CCP2M1                            00000001
CCP2M2                            00000002
CCP2M3                            00000003
CCP2X                             00000005
CCP2Y                             00000004
CCPR1                             00000015
CCPR1H                            00000016
CCPR1L                            00000015
CCPR2                             0000001B
CCPR2H                            0000001C
CCPR2L                            0000001B
CHS0                              00000003
CHS1                              00000004
CHS2                              00000005
MPASM 5.61              ALARMEDEFINITIVO.ASM   10-30-2018  21:26:48         PAGE  6


SYMBOL TABLE
  LABEL                             VALUE 

CIS                               00000003
CKE                               00000006
CKP                               00000004
CM0                               00000000
CM1                               00000001
CM2                               00000002
CMCON                             0000009C
CMIE                              00000006
CMIF                              00000006
CREN                              00000004
CSRC                              00000007
CVR0                              00000000
CVR1                              00000001
CVR2                              00000002
CVR3                              00000003
CVRCON                            0000009D
CVREN                             00000007
CVROE                             00000006
CVRR                              00000005
D                                 00000005
DATA_ADDRESS                      00000005
DC                                00000001
D_A                               00000005
D_NOT_A                           00000005
EEADR                             0000010D
EEADRH                            0000010F
EECON1                            0000018C
EECON2                            0000018D
EEDATA                            0000010C
EEDATH                            0000010E
EEIE                              00000004
EEIF                              00000004
EEPGD                             00000007
F                                 00000001
FERR                              00000002
FSR                               00000004
GCEN                              00000007
GIE                               00000007
GO                                00000002
GO_DONE                           00000002
GO_NOT_DONE                       00000002
I2C_DATA                          00000005
I2C_READ                          00000002
I2C_START                         00000003
I2C_STOP                          00000004
IBF                               00000007
IBOV                              00000005
INDF                              00000000
INTCON                            0000000B
INTE                              00000004
INTEDG                            00000006
INTF                              00000001
IRP                               00000007
MPASM 5.61              ALARMEDEFINITIVO.ASM   10-30-2018  21:26:48         PAGE  7


SYMBOL TABLE
  LABEL                             VALUE 

LED_0                             PORTD,3
LED_1                             PORTD,4
LED_2                             PORTD,5
LED_3                             PORTD,6
NOT_A                             00000005
NOT_ADDRESS                       00000005
NOT_BO                            00000000
NOT_BOR                           00000000
NOT_DONE                          00000002
NOT_PD                            00000003
NOT_POR                           00000001
NOT_RBPU                          00000007
NOT_RC8                           00000006
NOT_T1SYNC                        00000002
NOT_TO                            00000004
NOT_TX8                           00000006
NOT_W                             00000002
NOT_WRITE                         00000002
OBF                               00000006
OERR                              00000001
OPTION_REG                        00000081
P                                 00000004
PCFG0                             00000000
PCFG1                             00000001
PCFG2                             00000002
PCFG3                             00000003
PCL                               00000002
PCLATH                            0000000A
PCON                              0000008E
PEIE                              00000006
PEN                               00000002
PIE1                              0000008C
PIE2                              0000008D
PIR1                              0000000C
PIR2                              0000000D
PORTA                             00000005
PORTB                             00000006
PORTC                             00000007
PORTD                             00000008
PORTE                             00000009
PR2                               00000092
PS0                               00000000
PS1                               00000001
PS2                               00000002
PSA                               00000003
PSPIE                             00000007
PSPIF                             00000007
PSPMODE                           00000004
R                                 00000002
RA0                               00000000
RA1                               00000001
RA2                               00000002
RA3                               00000003
MPASM 5.61              ALARMEDEFINITIVO.ASM   10-30-2018  21:26:48         PAGE  8


SYMBOL TABLE
  LABEL                             VALUE 

RA4                               00000004
RA5                               00000005
RB0                               00000000
RB1                               00000001
RB2                               00000002
RB3                               00000003
RB4                               00000004
RB5                               00000005
RB6                               00000006
RB7                               00000007
RBIE                              00000003
RBIF                              00000000
RC0                               00000000
RC1                               00000001
RC2                               00000002
RC3                               00000003
RC4                               00000004
RC5                               00000005
RC6                               00000006
RC7                               00000007
RC8_9                             00000006
RC9                               00000006
RCD8                              00000000
RCEN                              00000003
RCIE                              00000005
RCIF                              00000005
RCREG                             0000001A
RCSTA                             00000018
RD                                00000000
RD0                               00000000
RD1                               00000001
RD2                               00000002
RD3                               00000003
RD4                               00000004
RD5                               00000005
RD6                               00000006
RD7                               00000007
RE0                               00000000
RE1                               00000001
RE2                               00000002
READ_WRITE                        00000002
RP0                               00000005
RP1                               00000006
RSEN                              00000001
RX9                               00000006
RX9D                              00000000
R_NOT_W                           00000002
R_W                               00000002
S                                 00000003
SEN                               00000000
SMP                               00000007
SPBRG                             00000099
SPEN                              00000007
MPASM 5.61              ALARMEDEFINITIVO.ASM   10-30-2018  21:26:48         PAGE  9


SYMBOL TABLE
  LABEL                             VALUE 

SREN                              00000005
SSPADD                            00000093
SSPBUF                            00000013
SSPCON                            00000014
SSPCON2                           00000091
SSPEN                             00000005
SSPIE                             00000003
SSPIF                             00000003
SSPM0                             00000000
SSPM1                             00000001
SSPM2                             00000002
SSPM3                             00000003
SSPOV                             00000006
SSPSTAT                           00000094
STATUS                            00000003
SYNC                              00000004
T0CS                              00000005
T0IE                              00000005
T0IF                              00000002
T0SE                              00000004
T1CKPS0                           00000004
T1CKPS1                           00000005
T1CON                             00000010
T1INSYNC                          00000002
T1OSCEN                           00000003
T1SYNC                            00000002
T2CKPS0                           00000000
T2CKPS1                           00000001
T2CON                             00000012
TMR0                              00000001
TMR0IE                            00000005
TMR0IF                            00000002
TMR1                              0000000E
TMR1CS                            00000001
TMR1H                             0000000F
TMR1IE                            00000000
TMR1IF                            00000000
TMR1L                             0000000E
TMR1ON                            00000000
TMR2                              00000011
TMR2IE                            00000001
TMR2IF                            00000001
TMR2ON                            00000002
TOUTPS0                           00000003
TOUTPS1                           00000004
TOUTPS2                           00000005
TOUTPS3                           00000006
TRISA                             00000085
TRISA0                            00000000
TRISA1                            00000001
TRISA2                            00000002
TRISA3                            00000003
TRISA4                            00000004
MPASM 5.61              ALARMEDEFINITIVO.ASM   10-30-2018  21:26:48         PAGE 10


SYMBOL TABLE
  LABEL                             VALUE 

TRISA5                            00000005
TRISB                             00000086
TRISB0                            00000000
TRISB1                            00000001
TRISB2                            00000002
TRISB3                            00000003
TRISB4                            00000004
TRISB5                            00000005
TRISB6                            00000006
TRISB7                            00000007
TRISC                             00000087
TRISC0                            00000000
TRISC1                            00000001
TRISC2                            00000002
TRISC3                            00000003
TRISC4                            00000004
TRISC5                            00000005
TRISC6                            00000006
TRISC7                            00000007
TRISD                             00000088
TRISD0                            00000000
TRISD1                            00000001
TRISD2                            00000002
TRISD3                            00000003
TRISD4                            00000004
TRISD5                            00000005
TRISD6                            00000006
TRISD7                            00000007
TRISE                             00000089
TRISE0                            00000000
TRISE1                            00000001
TRISE2                            00000002
TRMT                              00000001
TX8_9                             00000006
TX9                               00000006
TX9D                              00000000
TXD8                              00000000
TXEN                              00000005
TXIE                              00000004
TXIF                              00000004
TXREG                             00000019
TXSTA                             00000098
UA                                00000001
W                                 00000000
WCOL                              00000007
WR                                00000001
WREN                              00000002
WRERR                             00000003
Z                                 00000002
_BODEN_OFF                        00003FBF
_BODEN_ON                         00003FFF
_BOREN_OFF                        00003FBF
_BOREN_ON                         00003FFF
MPASM 5.61              ALARMEDEFINITIVO.ASM   10-30-2018  21:26:48         PAGE 11


SYMBOL TABLE
  LABEL                             VALUE 

_CONFIG                           00002007
_CPD_OFF                          00003FFF
_CPD_ON                           00003EFF
_CP_ALL                           00001FFF
_CP_OFF                           00003FFF
_CP_ON                            00001FFF
_DEBUG_OFF                        00003FFF
_DEBUG_ON                         000037FF
_DEVID1                           00002006
_FOSC_EXTRC                       00003FFF
_FOSC_HS                          00003FFE
_FOSC_LP                          00003FFC
_FOSC_XT                          00003FFD
_HS_OSC                           00003FFE
_IDLOC0                           00002000
_IDLOC1                           00002001
_IDLOC2                           00002002
_IDLOC3                           00002003
_LP_OSC                           00003FFC
_LVP_OFF                          00003F7F
_LVP_ON                           00003FFF
_PWRTE_OFF                        00003FFF
_PWRTE_ON                         00003FF7
_RC_OSC                           00003FFF
_WDTE_OFF                         00003FFB
_WDTE_ON                          00003FFF
_WDT_OFF                          00003FFB
_WDT_ON                           00003FFF
_WRT_1FOURTH                      00003BFF
_WRT_256                          00003DFF
_WRT_HALF                         000039FF
_WRT_OFF                          00003FFF
_XT_OSC                           00003FFD
__16F877A                         00000001
aux1                              00000026
aux2                              00000027
cont                              00000020
cont0                             00000021
cont1                             00000022
cont2                             00000023
cont3                             00000024
flags                             00000025
inicio                            00000005
leds                              00000028
loop2                             00000038
nr_duzias                         0000002C
reg_gira                          00000029
salva_status                      0000002B
salva_w                           0000002A
start                             0000001A
tempo                             00000035

MPASM 5.61              ALARMEDEFINITIVO.ASM   10-30-2018  21:26:48         PAGE 12





Errors   :     0
Warnings :     5 reported,     0 suppressed
Messages :     8 reported,     0 suppressed

